{"/Users/secretservice/AFI_Modular_Repos/afi-core/schemas/universal_signal_schema.ts": {"path":"/Users/secretservice/AFI_Modular_Repos/afi-core/schemas/universal_signal_schema.ts","statementMap":{"0":{"start":{"line":1,"column":0},"end":{"line":1,"column":24}},"1":{"start":{"line":3,"column":13},"end":{"line":39,"column":3}}},"fnMap":{},"branchMap":{},"s":{"0":1,"1":1},"f":{},"b":{}}
,"/Users/secretservice/AFI_Modular_Repos/afi-core/utils/logCodex.ts": {"path":"/Users/secretservice/AFI_Modular_Repos/afi-core/utils/logCodex.ts","statementMap":{"0":{"start":{"line":18,"column":0},"end":{"line":18,"column":16}},"1":{"start":{"line":1,"column":0},"end":{"line":1,"column":20}},"2":{"start":{"line":2,"column":0},"end":{"line":2,"column":24}},"3":{"start":{"line":7,"column":17},"end":{"line":7,"column":60}},"4":{"start":{"line":8,"column":18},"end":{"line":8,"column":56}},"5":{"start":{"line":19,"column":28},"end":{"line":23,"column":4}},"6":{"start":{"line":25,"column":2},"end":{"line":50,"column":3}},"7":{"start":{"line":27,"column":4},"end":{"line":29,"column":5}},"8":{"start":{"line":28,"column":6},"end":{"line":28,"column":50}},"9":{"start":{"line":31,"column":30},"end":{"line":31,"column":32}},"10":{"start":{"line":33,"column":4},"end":{"line":42,"column":5}},"11":{"start":{"line":34,"column":18},"end":{"line":34,"column":53}},"12":{"start":{"line":35,"column":6},"end":{"line":41,"column":7}},"13":{"start":{"line":36,"column":8},"end":{"line":36,"column":32}},"14":{"start":{"line":37,"column":8},"end":{"line":37,"column":76}},"15":{"start":{"line":37,"column":35},"end":{"line":37,"column":76}},"16":{"start":{"line":39,"column":8},"end":{"line":39,"column":68}},"17":{"start":{"line":40,"column":8},"end":{"line":40,"column":19}},"18":{"start":{"line":44,"column":4},"end":{"line":44,"column":22}},"19":{"start":{"line":46,"column":4},"end":{"line":46,"column":64}},"20":{"start":{"line":47,"column":4},"end":{"line":47,"column":86}},"21":{"start":{"line":49,"column":4},"end":{"line":49,"column":53}}},"fnMap":{"0":{"name":"logToCodex","decl":{"start":{"line":18,"column":16},"end":{"line":18,"column":26}},"loc":{"start":{"line":18,"column":63},"end":{"line":51,"column":1}}}},"branchMap":{"0":{"loc":{"start":{"line":21,"column":14},"end":{"line":21,"column":36}},"type":"cond-expr","locations":[{"start":{"line":21,"column":23},"end":{"line":21,"column":27}},{"start":{"line":21,"column":27},"end":{"line":21,"column":36}}]},"1":{"loc":{"start":{"line":21,"column":14},"end":{"line":21,"column":27}},"type":"binary-expr","locations":[{"start":{"line":21,"column":14},"end":{"line":21,"column":27}},{"start":{"line":21,"column":23},"end":{"line":21,"column":27}}]},"2":{"loc":{"start":{"line":27,"column":4},"end":{"line":29,"column":5}},"type":"if","locations":[{"start":{"line":27,"column":4},"end":{"line":29,"column":5}},{"start":{},"end":{}}]},"3":{"loc":{"start":{"line":33,"column":4},"end":{"line":42,"column":5}},"type":"if","locations":[{"start":{"line":33,"column":4},"end":{"line":42,"column":5}},{"start":{},"end":{}}]},"4":{"loc":{"start":{"line":37,"column":8},"end":{"line":37,"column":76}},"type":"if","locations":[{"start":{"line":37,"column":8},"end":{"line":37,"column":76}},{"start":{},"end":{}}]}},"s":{"0":1,"1":1,"2":1,"3":1,"4":1,"5":1,"6":1,"7":1,"8":0,"9":1,"10":1,"11":0,"12":0,"13":0,"14":0,"15":0,"16":0,"17":0,"18":1,"19":1,"20":1,"21":0},"f":{"0":1},"b":{"0":[1,0],"1":[1,1],"2":[0,1],"3":[0,1],"4":[0,0]}}
,"/Users/secretservice/AFI_Modular_Repos/afi-core/validators/EnsembleScorer.ts": {"path":"/Users/secretservice/AFI_Modular_Repos/afi-core/validators/EnsembleScorer.ts","statementMap":{"0":{"start":{"line":20,"column":0},"end":{"line":20,"column":46}},"1":{"start":{"line":21,"column":0},"end":{"line":21,"column":46}},"2":{"start":{"line":24,"column":0},"end":{"line":24,"column":47}},"3":{"start":{"line":44,"column":20},"end":{"line":44,"column":49}},"4":{"start":{"line":45,"column":24},"end":{"line":45,"column":53}},"5":{"start":{"line":47,"column":21},"end":{"line":47,"column":34}},"6":{"start":{"line":48,"column":25},"end":{"line":48,"column":49}},"7":{"start":{"line":50,"column":22},"end":{"line":50,"column":77}},"8":{"start":{"line":52,"column":34},"end":{"line":59,"column":6}},"9":{"start":{"line":61,"column":4},"end":{"line":67,"column":5}},"10":{"start":{"line":62,"column":6},"end":{"line":66,"column":7}},"11":{"start":{"line":63,"column":8},"end":{"line":63,"column":35}},"12":{"start":{"line":65,"column":8},"end":{"line":65,"column":51}},"13":{"start":{"line":69,"column":4},"end":{"line":69,"column":18}},"14":{"start":{"line":38,"column":0},"end":{"line":38,"column":13}}},"fnMap":{"0":{"name":"(anonymous_0)","decl":{"start":{"line":39,"column":2},"end":{"line":39,"column":8}},"loc":{"start":{"line":42,"column":15},"end":{"line":70,"column":3}}}},"branchMap":{"0":{"loc":{"start":{"line":41,"column":4},"end":{"line":41,"column":40}},"type":"default-arg","locations":[{"start":{"line":41,"column":14},"end":{"line":41,"column":40}}]},"1":{"loc":{"start":{"line":42,"column":4},"end":{"line":42,"column":15}},"type":"default-arg","locations":[{"start":{"line":42,"column":10},"end":{"line":42,"column":15}}]},"2":{"loc":{"start":{"line":61,"column":4},"end":{"line":67,"column":5}},"type":"if","locations":[{"start":{"line":61,"column":4},"end":{"line":67,"column":5}},{"start":{},"end":{}}]}},"s":{"0":1,"1":1,"2":1,"3":1,"4":1,"5":1,"6":1,"7":1,"8":1,"9":1,"10":0,"11":0,"12":0,"13":1,"14":1},"f":{"0":1},"b":{"0":[1],"1":[1],"2":[0,1]}}
,"/Users/secretservice/AFI_Modular_Repos/afi-core/validators/PoIValidator.ts": {"path":"/Users/secretservice/AFI_Modular_Repos/afi-core/validators/PoIValidator.ts","statementMap":{"0":{"start":{"line":12,"column":20},"end":{"line":12,"column":40}},"1":{"start":{"line":13,"column":18},"end":{"line":13,"column":39}},"2":{"start":{"line":15,"column":16},"end":{"line":15,"column":17}},"3":{"start":{"line":16,"column":18},"end":{"line":16,"column":19}},"4":{"start":{"line":17,"column":23},"end":{"line":17,"column":24}},"5":{"start":{"line":19,"column":4},"end":{"line":22,"column":5}},"6":{"start":{"line":20,"column":6},"end":{"line":20,"column":18}},"7":{"start":{"line":21,"column":6},"end":{"line":21,"column":25}},"8":{"start":{"line":24,"column":4},"end":{"line":27,"column":5}},"9":{"start":{"line":25,"column":6},"end":{"line":25,"column":18}},"10":{"start":{"line":26,"column":6},"end":{"line":26,"column":20}},"11":{"start":{"line":29,"column":4},"end":{"line":32,"column":5}},"12":{"start":{"line":30,"column":6},"end":{"line":30,"column":18}},"13":{"start":{"line":31,"column":6},"end":{"line":31,"column":24}},"14":{"start":{"line":34,"column":4},"end":{"line":38,"column":6}},"15":{"start":{"line":10,"column":0},"end":{"line":10,"column":13}}},"fnMap":{"0":{"name":"(anonymous_0)","decl":{"start":{"line":11,"column":2},"end":{"line":11,"column":8}},"loc":{"start":{"line":11,"column":54},"end":{"line":39,"column":3}}}},"branchMap":{"0":{"loc":{"start":{"line":12,"column":20},"end":{"line":12,"column":40}},"type":"binary-expr","locations":[{"start":{"line":12,"column":20},"end":{"line":12,"column":34}},{"start":{"line":12,"column":38},"end":{"line":12,"column":40}}]},"1":{"loc":{"start":{"line":19,"column":4},"end":{"line":22,"column":5}},"type":"if","locations":[{"start":{"line":19,"column":4},"end":{"line":22,"column":5}},{"start":{},"end":{}}]},"2":{"loc":{"start":{"line":19,"column":8},"end":{"line":19,"column":65}},"type":"binary-expr","locations":[{"start":{"line":19,"column":8},"end":{"line":19,"column":34}},{"start":{"line":19,"column":38},"end":{"line":19,"column":65}}]},"3":{"loc":{"start":{"line":24,"column":4},"end":{"line":27,"column":5}},"type":"if","locations":[{"start":{"line":24,"column":4},"end":{"line":27,"column":5}},{"start":{},"end":{}}]},"4":{"loc":{"start":{"line":24,"column":8},"end":{"line":24,"column":75}},"type":"binary-expr","locations":[{"start":{"line":24,"column":8},"end":{"line":24,"column":39}},{"start":{"line":24,"column":43},"end":{"line":24,"column":75}}]},"5":{"loc":{"start":{"line":29,"column":4},"end":{"line":32,"column":5}},"type":"if","locations":[{"start":{"line":29,"column":4},"end":{"line":32,"column":5}},{"start":{},"end":{}}]}},"s":{"0":1,"1":1,"2":1,"3":1,"4":1,"5":1,"6":0,"7":0,"8":1,"9":0,"10":0,"11":1,"12":0,"13":0,"14":1,"15":1},"f":{"0":1},"b":{"0":[1,0],"1":[0,1],"2":[1,1],"3":[0,1],"4":[1,1],"5":[0,1]}}
,"/Users/secretservice/AFI_Modular_Repos/afi-core/validators/SignalScorer.ts": {"path":"/Users/secretservice/AFI_Modular_Repos/afi-core/validators/SignalScorer.ts","statementMap":{"0":{"start":{"line":11,"column":27},"end":{"line":11,"column":30}},"1":{"start":{"line":12,"column":24},"end":{"line":12,"column":27}},"2":{"start":{"line":13,"column":30},"end":{"line":13,"column":33}},"3":{"start":{"line":17,"column":25},"end":{"line":17,"column":82}},"4":{"start":{"line":18,"column":23},"end":{"line":18,"column":67}},"5":{"start":{"line":19,"column":22},"end":{"line":19,"column":69}},"6":{"start":{"line":21,"column":25},"end":{"line":21,"column":85}},"7":{"start":{"line":22,"column":23},"end":{"line":22,"column":69}},"8":{"start":{"line":24,"column":4},"end":{"line":29,"column":6}},"9":{"start":{"line":33,"column":4},"end":{"line":33,"column":59}},"10":{"start":{"line":37,"column":4},"end":{"line":37,"column":40}},"11":{"start":{"line":41,"column":4},"end":{"line":41,"column":66}},"12":{"start":{"line":45,"column":4},"end":{"line":45,"column":55}},"13":{"start":{"line":49,"column":4},"end":{"line":49,"column":87}},"14":{"start":{"line":15,"column":0},"end":{"line":15,"column":13}}},"fnMap":{"0":{"name":"(anonymous_0)","decl":{"start":{"line":16,"column":2},"end":{"line":16,"column":8}},"loc":{"start":{"line":16,"column":54},"end":{"line":30,"column":3}}},"1":{"name":"(anonymous_1)","decl":{"start":{"line":32,"column":10},"end":{"line":32,"column":16}},"loc":{"start":{"line":32,"column":60},"end":{"line":34,"column":3}}},"2":{"name":"(anonymous_2)","decl":{"start":{"line":36,"column":10},"end":{"line":36,"column":16}},"loc":{"start":{"line":36,"column":48},"end":{"line":38,"column":3}}},"3":{"name":"(anonymous_3)","decl":{"start":{"line":40,"column":10},"end":{"line":40,"column":16}},"loc":{"start":{"line":40,"column":51},"end":{"line":42,"column":3}}},"4":{"name":"(anonymous_4)","decl":{"start":{"line":44,"column":10},"end":{"line":44,"column":16}},"loc":{"start":{"line":44,"column":79},"end":{"line":46,"column":3}}},"5":{"name":"(anonymous_5)","decl":{"start":{"line":48,"column":10},"end":{"line":48,"column":16}},"loc":{"start":{"line":48,"column":57},"end":{"line":50,"column":3}}}},"branchMap":{"0":{"loc":{"start":{"line":37,"column":11},"end":{"line":37,"column":39}},"type":"cond-expr","locations":[{"start":{"line":37,"column":32},"end":{"line":37,"column":33}},{"start":{"line":37,"column":36},"end":{"line":37,"column":39}}]},"1":{"loc":{"start":{"line":41,"column":11},"end":{"line":41,"column":65}},"type":"cond-expr","locations":[{"start":{"line":41,"column":49},"end":{"line":41,"column":55}},{"start":{"line":41,"column":58},"end":{"line":41,"column":65}}]}},"s":{"0":1,"1":1,"2":1,"3":1,"4":1,"5":1,"6":1,"7":1,"8":1,"9":1,"10":1,"11":1,"12":1,"13":1,"14":1},"f":{"0":1,"1":1,"2":1,"3":1,"4":1,"5":1},"b":{"0":[0,1],"1":[0,1]}}
}
