TN:
SF:schemas/universal_signal_schema.ts
FNF:0
FNH:0
DA:1,1
DA:3,1
LF:2
LH:2
BRF:0
BRH:0
end_of_record
TN:
SF:utils/logCodex.ts
FN:18,logToCodex
FNF:1
FNH:1
FNDA:1,logToCodex
DA:1,1
DA:2,1
DA:7,1
DA:8,1
DA:18,1
DA:19,1
DA:25,1
DA:27,1
DA:28,0
DA:31,1
DA:33,1
DA:34,0
DA:35,0
DA:36,0
DA:37,0
DA:39,0
DA:40,0
DA:44,1
DA:46,1
DA:47,1
DA:49,0
LF:21
LH:13
BRDA:21,0,0,1
BRDA:21,0,1,0
BRDA:21,1,0,1
BRDA:21,1,1,1
BRDA:27,2,0,0
BRDA:27,2,1,1
BRDA:33,3,0,0
BRDA:33,3,1,1
BRDA:37,4,0,0
BRDA:37,4,1,0
BRF:10
BRH:5
end_of_record
TN:
SF:validators/EnsembleScorer.ts
FN:39,(anonymous_0)
FNF:1
FNH:1
FNDA:1,(anonymous_0)
DA:20,1
DA:21,1
DA:24,1
DA:38,1
DA:44,1
DA:45,1
DA:47,1
DA:48,1
DA:50,1
DA:52,1
DA:61,1
DA:62,0
DA:63,0
DA:65,0
DA:69,1
LF:15
LH:12
BRDA:41,0,0,1
BRDA:42,1,0,1
BRDA:61,2,0,0
BRDA:61,2,1,1
BRF:4
BRH:3
end_of_record
TN:
SF:validators/PoIValidator.ts
FN:11,(anonymous_0)
FNF:1
FNH:1
FNDA:1,(anonymous_0)
DA:10,1
DA:12,1
DA:13,1
DA:15,1
DA:16,1
DA:17,1
DA:19,1
DA:20,0
DA:21,0
DA:24,1
DA:25,0
DA:26,0
DA:29,1
DA:30,0
DA:31,0
DA:34,1
LF:16
LH:10
BRDA:12,0,0,1
BRDA:12,0,1,0
BRDA:19,1,0,0
BRDA:19,1,1,1
BRDA:19,2,0,1
BRDA:19,2,1,1
BRDA:24,3,0,0
BRDA:24,3,1,1
BRDA:24,4,0,1
BRDA:24,4,1,1
BRDA:29,5,0,0
BRDA:29,5,1,1
BRF:12
BRH:8
end_of_record
TN:
SF:validators/SignalScorer.ts
FN:16,(anonymous_0)
FN:32,(anonymous_1)
FN:36,(anonymous_2)
FN:40,(anonymous_3)
FN:44,(anonymous_4)
FN:48,(anonymous_5)
FNF:6
FNH:6
FNDA:1,(anonymous_0)
FNDA:1,(anonymous_1)
FNDA:1,(anonymous_2)
FNDA:1,(anonymous_3)
FNDA:1,(anonymous_4)
FNDA:1,(anonymous_5)
DA:11,1
DA:12,1
DA:13,1
DA:15,1
DA:17,1
DA:18,1
DA:19,1
DA:21,1
DA:22,1
DA:24,1
DA:33,1
DA:37,1
DA:41,1
DA:45,1
DA:49,1
LF:15
LH:15
BRDA:37,0,0,0
BRDA:37,0,1,1
BRDA:41,1,0,0
BRDA:41,1,1,1
BRF:4
BRH:2
end_of_record
